[2017-02-16 09:02:47.980] [INFO] access - traceId|/images/favicon.ico|[object Object]
[2017-02-16 09:02:47.987] [INFO] access - traceId|404|Not Found
[2017-02-16 09:05:36.153] [INFO] access - traceId|/eee|[object Object]
[2017-02-16 09:05:36.188] [INFO] access - traceId|404|Not Found
[2017-02-16 09:05:36.246] [INFO] access - traceId|/favicon.ico|[object Object]
[2017-02-16 09:05:36.249] [INFO] access - traceId|404|Not Found
[2017-02-16 11:37:47.245] [INFO] access - traceId|/%22http://www.egouz.com/uploadfile/2012/1206/20121206101629417.jpg/%22|[object Object]
[2017-02-16 11:37:47.258] [INFO] access - traceId|404|Not Found
[2017-02-16 11:37:59.447] [INFO] access - traceId|/%22http://www.egouz.com/uploadfile/2012/1206/20121206101629417.jpg/%22|[object Object]
[2017-02-16 11:37:59.458] [INFO] access - traceId|404|Not Found
[2017-02-16 11:38:00.207] [INFO] access - traceId|/%22http://www.egouz.com/uploadfile/2012/1206/20121206101629417.jpg/%22|[object Object]
[2017-02-16 11:38:00.213] [INFO] access - traceId|404|Not Found
[2017-02-16 13:34:33.478] [INFO] access - traceId|/%22http://www.egouz.com/uploadfile/2012/1206/20121206101629417.jpg/%22|[object Object]
[2017-02-16 13:34:33.486] [INFO] access - traceId|404|Not Found
[2017-02-16 17:02:40.899] [INFO] access - traceId|/%22http://www.egouz.com/uploadfile/2012/1206/20121206101629417.jpg/%22|[object Object]
[2017-02-16 17:02:40.904] [INFO] access - traceId|404|Not Found
[2017-02-16 17:22:29.734] [INFO] access - traceId|/%22http://www.egouz.com/uploadfile/2012/1206/20121206101629417.jpg/%22|[object Object]
[2017-02-16 17:22:29.742] [INFO] access - traceId|404|Not Found
[2017-02-16 17:22:30.727] [INFO] access - traceId|/%22http://www.egouz.com/uploadfile/2012/1206/20121206101629417.jpg/%22|[object Object]
[2017-02-16 17:22:30.739] [INFO] access - traceId|404|Not Found
[2017-02-16 17:22:31.310] [INFO] access - traceId|/%22http://www.egouz.com/uploadfile/2012/1206/20121206101629417.jpg/%22|[object Object]
[2017-02-16 17:22:31.319] [INFO] access - traceId|404|Not Found
[2017-02-16 17:22:31.761] [INFO] access - traceId|/%22http://www.egouz.com/uploadfile/2012/1206/20121206101629417.jpg/%22|[object Object]
[2017-02-16 17:22:31.766] [INFO] access - traceId|404|Not Found
[2017-02-16 17:22:31.952] [INFO] access - traceId|/%22http://www.egouz.com/uploadfile/2012/1206/20121206101629417.jpg/%22|[object Object]
[2017-02-16 17:22:31.956] [INFO] access - traceId|404|Not Found
[2017-02-16 17:22:32.094] [INFO] access - traceId|/%22http://www.egouz.com/uploadfile/2012/1206/20121206101629417.jpg/%22|[object Object]
[2017-02-16 17:22:32.102] [INFO] access - traceId|404|Not Found
